<?xml version="1.0" encoding="UTF-8"?>
<!-- Generated by org.testng.reporters.JUnitReportReporter -->
<testsuite hostname="LAPTOP-QSTR5B4A" failures="0" tests="4" name="TestNg.PriorityUse" time="0.014" errors="0" timestamp="2022-06-27T16:08:13 IST" skipped="1">
  <testcase classname="TestNg.PriorityUse" name="d" time="0.011"/>
  <system-out>
    <![CDATA[d is running ]]>
  </system-out>
  <testcase classname="TestNg.PriorityUse" name="v" time="0.002"/>
  <system-out>
    <![CDATA[v is running ]]>
  </system-out>
  <testcase classname="TestNg.PriorityUse" name="l" time="0.001"/>
  <system-out>
    <![CDATA[l is running ]]>
  </system-out>
  <testcase classname="TestNg.PriorityUse" name="a">
    <skipped/>
  </testcase> <!-- a -->
  <system-out/>
</testsuite> <!-- TestNg.PriorityUse -->
