<?xml version="1.0" encoding="UTF-8"?>
<!-- Generated by org.testng.reporters.JUnitReportReporter -->
<testsuite hostname="LAPTOP-QSTR5B4A" failures="0" tests="4" name="includeExlude.My2Class" time="0.020" errors="0" timestamp="2022-06-28T14:34:53 IST" skipped="0">
  <testcase classname="includeExlude.My2Class" name="p" time="0.014"/>
  <system-out>
    <![CDATA[p is running ]]>
  </system-out>
  <testcase classname="includeExlude.My2Class" name="q" time="0.002"/>
  <system-out>
    <![CDATA[q is running ]]>
  </system-out>
  <testcase classname="includeExlude.My2Class" name="r" time="0.002"/>
  <system-out>
    <![CDATA[r is running ]]>
  </system-out>
  <testcase classname="includeExlude.My2Class" name="s" time="0.002"/>
  <system-out>
    <![CDATA[s is running ]]>
  </system-out>
</testsuite> <!-- includeExlude.My2Class -->
