<?xml version="1.0" encoding="UTF-8"?>
<!-- Generated by org.testng.reporters.JUnitReportReporter -->
<testsuite hostname="LAPTOP-QSTR5B4A" failures="0" tests="1" name="SeialAnParallel.MyClass1" time="4.987" errors="0" timestamp="2022-06-29T14:17:28 IST" skipped="0">
  <testcase classname="SeialAnParallel.MyClass1" name="MyMethod1" time="4.987"/>
  <system-out/>
</testsuite> <!-- SeialAnParallel.MyClass1 -->
