<?xml version="1.0" encoding="UTF-8"?>
<!-- Generated by org.testng.reporters.JUnitReportReporter -->
<testsuite hostname="LAPTOP-QSTR5B4A" failures="0" tests="1" name="TestNg.Keywords" time="0.016" errors="0" timestamp="2022-06-27T17:57:02 IST" skipped="0">
  <testcase classname="TestNg.Keywords" name="a" time="0.016"/>
  <system-out>
    <![CDATA[Regression Testing]]>
  </system-out>
</testsuite> <!-- TestNg.Keywords -->
