<?xml version="1.0" encoding="UTF-8"?>
<!-- Generated by org.testng.reporters.JUnitReportReporter -->
<testsuite hostname="LAPTOP-QSTR5B4A" failures="0" tests="1" name="Grouping.MyTestClass2" time="0.022" errors="0" timestamp="2022-06-24T13:44:46 IST" skipped="0">
  <testcase classname="Grouping.MyTestClass2" name="p" time="0.022"/>
  <system-out>
    <![CDATA[p is running ]]>
  </system-out>
</testsuite> <!-- Grouping.MyTestClass2 -->
