<?xml version="1.0" encoding="UTF-8"?>
<!-- Generated by org.testng.reporters.JUnitReportReporter -->
<testsuite hostname="LAPTOP-QSTR5B4A" failures="0" tests="1" name="TestNg.AnnotationStudy1" time="0.009" errors="0" timestamp="2022-06-27T17:58:35 IST" skipped="0">
  <testcase classname="TestNg.AnnotationStudy1" name="RechargePhone" time="0.009"/>
  <system-out>
    <![CDATA[Recharge Succesfull]]>
  </system-out>
</testsuite> <!-- TestNg.AnnotationStudy1 -->
