<?xml version="1.0" encoding="UTF-8"?>
<!-- Generated by org.testng.reporters.JUnitReportReporter -->
<testsuite hostname="LAPTOP-QSTR5B4A" failures="0" tests="2" name="TestNg.AnnotationStudy" time="0.005" errors="0" timestamp="2022-06-27T17:58:35 IST" skipped="0">
  <testcase classname="TestNg.AnnotationStudy" name="validateUserId" time="0.002"/>
  <system-out>
    <![CDATA[User Id Validated ]]>
  </system-out>
  <testcase classname="TestNg.AnnotationStudy" name="validateDashBoard" time="0.003"/>
  <system-out>
    <![CDATA[DashBoard Validate]]>
  </system-out>
</testsuite> <!-- TestNg.AnnotationStudy -->
