<?xml version="1.0" encoding="UTF-8"?>
<!-- Generated by org.testng.reporters.JUnitReportReporter -->
<testsuite hostname="LAPTOP-QSTR5B4A" failures="0" tests="1" name="CrossBrowsertest.CrossBrowserTesting" time="15.688" errors="0" timestamp="2022-07-05T21:55:22 IST" skipped="0">
  <testcase classname="CrossBrowsertest.CrossBrowserTesting" name="myMethod" time="15.688"/>
  <system-out/>
</testsuite> <!-- CrossBrowsertest.CrossBrowserTesting -->
