<?xml version="1.0" encoding="UTF-8"?>
<!-- Generated by org.testng.reporters.JUnitReportReporter -->
<testsuite hostname="LAPTOP-QSTR5B4A" failures="0" tests="3" name="includeExlude.MyClass2" time="0.008" errors="0" timestamp="2022-06-28T14:51:52 IST" skipped="0">
  <testcase classname="includeExlude.MyClass2" name="q" time="0.004"/>
  <system-out>
    <![CDATA[q is running ]]>
  </system-out>
  <testcase classname="includeExlude.MyClass2" name="r" time="0.002"/>
  <system-out>
    <![CDATA[r is running ]]>
  </system-out>
  <testcase classname="includeExlude.MyClass2" name="s" time="0.002"/>
  <system-out>
    <![CDATA[s is running ]]>
  </system-out>
</testsuite> <!-- includeExlude.MyClass2 -->
