<?xml version="1.0" encoding="UTF-8"?>
<!-- Generated by org.testng.reporters.JUnitReportReporter -->
<testsuite hostname="LAPTOP-QSTR5B4A" failures="0" tests="1" name="KitePomUsingTestNg.ValidatekiteAppUserName" time="2.296" errors="0" timestamp="2022-06-30T16:42:40 IST" skipped="0">
  <testcase classname="KitePomUsingTestNg.ValidatekiteAppUserName" name="ValidateUserName" time="2.296"/>
  <system-out>
    <![CDATA[Actual and Expected UserId are Matching TestCase Passed]]>
  </system-out>
</testsuite> <!-- KitePomUsingTestNg.ValidatekiteAppUserName -->
