<?xml version="1.0" encoding="UTF-8"?>
<!-- Generated by org.testng.reporters.JUnitReportReporter -->
<testsuite hostname="LAPTOP-QSTR5B4A" failures="0" tests="1" name="Grouping.MyTestclass1" time="0.025" errors="0" timestamp="2022-06-24T13:52:30 IST" skipped="0">
  <testcase classname="Grouping.MyTestclass1" name="a" time="0.025"/>
  <system-out>
    <![CDATA[a is running ]]>
  </system-out>
</testsuite> <!-- Grouping.MyTestclass1 -->
