<?xml version="1.0" encoding="UTF-8"?>
<!-- Generated by org.testng.reporters.JUnitReportReporter -->
<testsuite hostname="LAPTOP-QSTR5B4A" failures="0" tests="1" name="verificationUsingTesting.VarifyRadioButton" time="16.671" errors="0" timestamp="2022-06-28T15:21:36 IST" skipped="0">
  <testcase classname="verificationUsingTesting.VarifyRadioButton" name="MyMethod" time="16.671"/>
  <system-out/>
</testsuite> <!-- verificationUsingTesting.VarifyRadioButton -->
