<?xml version="1.0" encoding="UTF-8"?>
<!-- Generated by org.testng.reporters.JUnitReportReporter -->
<testsuite hostname="LAPTOP-QSTR5B4A" failures="0" tests="1" name="includeExlude.MyClass1" time="0.018" errors="0" timestamp="2022-06-28T14:51:52 IST" skipped="0">
  <testcase classname="includeExlude.MyClass1" name="a" time="0.018"/>
  <system-out>
    <![CDATA[a is running ]]>
  </system-out>
</testsuite> <!-- includeExlude.MyClass1 -->
