<?xml version="1.0" encoding="UTF-8"?>
<!-- Generated by org.testng.reporters.JUnitReportReporter -->
<testsuite hostname="LAPTOP-QSTR5B4A" failures="0" tests="3" name="includeExlude.TestNgClass" time="0.013" errors="0" timestamp="2022-06-23T12:49:13 IST" skipped="0">
  <testcase classname="includeExlude.TestNgClass" name="v" time="0.001"/>
  <system-out>
    <![CDATA[v is running ]]>
  </system-out>
  <testcase classname="includeExlude.TestNgClass" name="d" time="0.011"/>
  <system-out>
    <![CDATA[d is running ]]>
  </system-out>
  <testcase classname="includeExlude.TestNgClass" name="l" time="0.001"/>
  <system-out>
    <![CDATA[l is running ]]>
  </system-out>
</testsuite> <!-- includeExlude.TestNgClass -->
