<?xml version="1.0" encoding="UTF-8"?>
<!-- Generated by org.testng.reporters.JUnitReportReporter -->
<testsuite hostname="LAPTOP-QSTR5B4A" failures="0" tests="1" name="TestNg.My1stClass" time="0.025" errors="0" timestamp="2022-06-27T09:31:00 IST" skipped="0">
  <testcase classname="TestNg.My1stClass" name="MyMethod" time="0.025"/>
  <system-out>
    <![CDATA[Hii
Hii Its Morning]]>
  </system-out>
</testsuite> <!-- TestNg.My1stClass -->
