<?xml version="1.0" encoding="UTF-8"?>
<!-- Generated by org.testng.reporters.JUnitReportReporter -->
<testsuite hostname="LAPTOP-QSTR5B4A" failures="0" tests="2" name="TestNg.NewTest" time="0.000" errors="0" timestamp="2022-06-27T15:54:03 IST" skipped="0">
  <testcase classname="TestNg.NewTest" name="UserNameValidate" time="0.000"/>
  <system-out>
    <![CDATA[User Name Validate]]>
  </system-out>
  <testcase classname="TestNg.NewTest" name="UserIdValidate" time="0.000"/>
  <system-out>
    <![CDATA[User Id Validate]]>
  </system-out>
</testsuite> <!-- TestNg.NewTest -->
