<?xml version="1.0" encoding="UTF-8"?>
<!-- Generated by org.testng.reporters.JUnitReportReporter -->
<testsuite hostname="LAPTOP-QSTR5B4A" failures="0" tests="1" name="KiteTest.ValidateKiteUserProp" time="3.992" errors="0" timestamp="2022-07-07T17:54:33 IST" skipped="0">
  <testcase classname="KiteTest.ValidateKiteUserProp" name="validateUserID" time="3.992"/>
  <system-out/>
</testsuite> <!-- KiteTest.ValidateKiteUserProp -->
