<?xml version="1.0" encoding="UTF-8"?>
<!-- Generated by org.testng.reporters.JUnitReportReporter -->
<testsuite hostname="LAPTOP-QSTR5B4A" failures="0" tests="1" name="KiteTest.ValidateKiteUserId" time="4.244" errors="0" timestamp="2022-07-02T22:11:05 IST" skipped="0">
  <testcase classname="KiteTest.ValidateKiteUserId" name="validateUserID" time="4.244"/>
  <system-out/>
</testsuite> <!-- KiteTest.ValidateKiteUserId -->
