<?xml version="1.0" encoding="UTF-8"?>
<!-- Generated by org.testng.reporters.JUnitReportReporter -->
<testsuite hostname="LAPTOP-QSTR5B4A" failures="0" tests="1" name="TestNg.TestNgClass" time="0.011" errors="0" timestamp="2022-06-23T12:44:29 IST" skipped="0">
  <testcase classname="TestNg.TestNgClass" name="a" time="0.011"/>
  <system-out>
    <![CDATA[a is running ]]>
  </system-out>
</testsuite> <!-- TestNg.TestNgClass -->
