<?xml version="1.0" encoding="UTF-8"?>
<!-- Generated by org.testng.reporters.JUnitReportReporter -->
<testsuite hostname="LAPTOP-QSTR5B4A" failures="0" tests="5" name="TestNg.InvocationCountUse" time="0.014" errors="0" timestamp="2022-06-27T09:53:17 IST" skipped="0">
  <testcase classname="TestNg.InvocationCountUse" name="TC1" time="0.002"/>
  <system-out>
    <![CDATA[TC1 Running]]>
  </system-out>
  <testcase classname="TestNg.InvocationCountUse" name="TC1" time="0.002"/>
  <system-out>
    <![CDATA[TC1 Running]]>
  </system-out>
  <testcase classname="TestNg.InvocationCountUse" name="TC1" time="0.001"/>
  <system-out>
    <![CDATA[TC1 Running]]>
  </system-out>
  <testcase classname="TestNg.InvocationCountUse" name="TC1" time="0.006"/>
  <system-out>
    <![CDATA[TC1 Running]]>
  </system-out>
  <testcase classname="TestNg.InvocationCountUse" name="TC1" time="0.003"/>
  <system-out>
    <![CDATA[TC1 Running]]>
  </system-out>
</testsuite> <!-- TestNg.InvocationCountUse -->
