<?xml version="1.0" encoding="UTF-8"?>
<!-- Generated by org.testng.reporters.JUnitReportReporter -->
<testsuite hostname="LAPTOP-QSTR5B4A" failures="0" tests="1" name="verificationUsingTesting.AssertTrueUse" time="0.013" errors="0" timestamp="2022-06-28T15:50:25 IST" skipped="0">
  <testcase classname="verificationUsingTesting.AssertTrueUse" name="MyMethod" time="0.013"/>
  <system-out>
    <![CDATA[Tc is passed value is false]]>
  </system-out>
</testsuite> <!-- verificationUsingTesting.AssertTrueUse -->
