<?xml version="1.0" encoding="UTF-8"?>
<!-- Generated by org.testng.reporters.JUnitReportReporter -->
<testsuite hostname="LAPTOP-QSTR5B4A" failures="0" tests="4" name="includeExlude.My1Class" time="0.022" errors="0" timestamp="2022-06-28T14:42:21 IST" skipped="0">
  <testcase classname="includeExlude.My1Class" name="b" time="0.001"/>
  <system-out>
    <![CDATA[b is running ]]>
  </system-out>
  <testcase classname="includeExlude.My1Class" name="a" time="0.017"/>
  <system-out>
    <![CDATA[a is running ]]>
  </system-out>
  <testcase classname="includeExlude.My1Class" name="c" time="0.002"/>
  <system-out>
    <![CDATA[c is running ]]>
  </system-out>
  <testcase classname="includeExlude.My1Class" name="d" time="0.002"/>
  <system-out>
    <![CDATA[d is running ]]>
  </system-out>
</testsuite> <!-- includeExlude.My1Class -->
